Using pre-set license
Built from '2022.3/release' branch; Version is '2022.3.20f1 (61c2feb0970d) revision 6406910'; Using compiler version '192829333'; Build Type 'Release'
OS: 'Windows 10  (10.0.19045) 64bit Core' Language: 'pt' Physical Memory: 8022 MB
BatchMode: 1, IsHumanControllingUs: 0, StartBugReporterOnCrash: 0, Is64bit: 1, IsPro: 1

COMMAND LINE ARGUMENTS:
C:\Program Files\Unity\Hub\Editor\2022.3.20f1\Editor\Unity.exe
-adb2
-batchMode
-noUpm
-name
AssetImportWorker2
-projectPath
C:/Users/ASUS/Desktop/Tecnologias Multimedia/TP1-29436-29191
-logFile
Logs/AssetImportWorker2.log
-srvPort
56146
Successfully changed project path to: C:/Users/ASUS/Desktop/Tecnologias Multimedia/TP1-29436-29191
C:/Users/ASUS/Desktop/Tecnologias Multimedia/TP1-29436-29191
[UnityMemory] Configuration Parameters - Can be set up in boot.config
    "memorysetup-bucket-allocator-granularity=16"
    "memorysetup-bucket-allocator-bucket-count=8"
    "memorysetup-bucket-allocator-block-size=33554432"
    "memorysetup-bucket-allocator-block-count=8"
    "memorysetup-main-allocator-block-size=16777216"
    "memorysetup-thread-allocator-block-size=16777216"
    "memorysetup-gfx-main-allocator-block-size=16777216"
    "memorysetup-gfx-thread-allocator-block-size=16777216"
    "memorysetup-cache-allocator-block-size=4194304"
    "memorysetup-typetree-allocator-block-size=2097152"
    "memorysetup-profiler-bucket-allocator-granularity=16"
    "memorysetup-profiler-bucket-allocator-bucket-count=8"
    "memorysetup-profiler-bucket-allocator-block-size=33554432"
    "memorysetup-profiler-bucket-allocator-block-count=8"
    "memorysetup-profiler-allocator-block-size=16777216"
    "memorysetup-profiler-editor-allocator-block-size=1048576"
    "memorysetup-temp-allocator-size-main=16777216"
    "memorysetup-job-temp-allocator-block-size=2097152"
    "memorysetup-job-temp-allocator-block-size-background=1048576"
    "memorysetup-job-temp-allocator-reduction-small-platforms=262144"
    "memorysetup-allocator-temp-initial-block-size-main=262144"
    "memorysetup-allocator-temp-initial-block-size-worker=262144"
    "memorysetup-temp-allocator-size-background-worker=32768"
    "memorysetup-temp-allocator-size-job-worker=262144"
    "memorysetup-temp-allocator-size-preload-manager=33554432"
    "memorysetup-temp-allocator-size-nav-mesh-worker=65536"
    "memorysetup-temp-allocator-size-audio-worker=65536"
    "memorysetup-temp-allocator-size-cloud-worker=32768"
    "memorysetup-temp-allocator-size-gi-baking-worker=262144"
    "memorysetup-temp-allocator-size-gfx=262144"
Player connection [9240] Host "[IP] 172.25.0.1 [Port] 0 [Flags] 2 [Guid] 1386284048 [EditorId] 1386284048 [Version] 1048832 [Id] WindowsEditor(7,LAPTOP-6FNGEF7N) [Debug] 1 [PackageName] WindowsEditor [ProjectName] Editor" joined multi-casting on [225.0.0.222:54997]...

Player connection [9240] Host "[IP] 172.25.0.1 [Port] 0 [Flags] 2 [Guid] 1386284048 [EditorId] 1386284048 [Version] 1048832 [Id] WindowsEditor(7,LAPTOP-6FNGEF7N) [Debug] 1 [PackageName] WindowsEditor [ProjectName] Editor" joined alternative multi-casting on [225.0.0.222:34997]...

[Physics::Module] Initialized MultithreadedJobDispatcher with 15 workers.
Refreshing native plugins compatible for Editor in 12.82 ms, found 3 plugins.
Preloading 0 native plugins for Editor in 0.00 ms.
Initialize engine version: 2022.3.20f1 (61c2feb0970d)
[Subsystems] Discovering subsystems at path C:/Program Files/Unity/Hub/Editor/2022.3.20f1/Editor/Data/Resources/UnitySubsystems
[Subsystems] Discovering subsystems at path C:/Users/ASUS/Desktop/Tecnologias Multimedia/TP1-29436-29191/Assets
GfxDevice: creating device client; threaded=0; jobified=0
Direct3D:
    Version:  Direct3D 11.0 [level 11.1]
    Renderer: NVIDIA GeForce GTX 1650 (ID=0x1f99)
    Vendor:   NVIDIA
    VRAM:     3962 MB
    Driver:   30.0.15.1278
Initialize mono
Mono path[0] = 'C:/Program Files/Unity/Hub/Editor/2022.3.20f1/Editor/Data/Managed'
Mono path[1] = 'C:/Program Files/Unity/Hub/Editor/2022.3.20f1/Editor/Data/MonoBleedingEdge/lib/mono/unityjit-win32'
Mono config path = 'C:/Program Files/Unity/Hub/Editor/2022.3.20f1/Editor/Data/MonoBleedingEdge/etc'
Using monoOptions --debugger-agent=transport=dt_socket,embedding=1,server=y,suspend=n,address=127.0.0.1:56868
Begin MonoManager ReloadAssembly
Registering precompiled unity dll's ...
Register platform support module: C:/Program Files/Unity/Hub/Editor/2022.3.20f1/Editor/Data/PlaybackEngines/WindowsStandaloneSupport/UnityEditor.WindowsStandalone.Extensions.dll
Registered in 0.023003 seconds.
- Loaded All Assemblies, in  0.725 seconds
Native extension for WindowsStandalone target not found
Mono: successfully reloaded assembly
- Finished resetting the current domain, in  0.478 seconds
Domain Reload Profiling: 1200ms
	BeginReloadAssembly (217ms)
		ExecutionOrderSort (0ms)
		DisableScriptedObjects (0ms)
		BackupInstance (0ms)
		ReleaseScriptingObjects (0ms)
		CreateAndSetChildDomain (1ms)
	RebuildCommonClasses (59ms)
	RebuildNativeTypeToScriptingClass (17ms)
	initialDomainReloadingComplete (134ms)
	LoadAllAssembliesAndSetupDomain (294ms)
		LoadAssemblies (213ms)
		RebuildTransferFunctionScriptingTraits (0ms)
		AnalyzeDomain (290ms)
			TypeCache.Refresh (288ms)
				TypeCache.ScanAssembly (258ms)
			ScanForSourceGeneratedMonoScriptInfo (1ms)
			ResolveRequiredComponents (1ms)
	FinalizeReload (480ms)
		ReleaseScriptCaches (0ms)
		RebuildScriptCaches (0ms)
		SetupLoadedEditorAssemblies (359ms)
			LogAssemblyErrors (0ms)
			InitializePlatformSupportModulesInManaged (17ms)
			SetLoadedEditorAssemblies (10ms)
			RefreshPlugins (0ms)
			BeforeProcessingInitializeOnLoad (3ms)
			ProcessInitializeOnLoadAttributes (229ms)
			ProcessInitializeOnLoadMethodAttributes (99ms)
			AfterProcessingInitializeOnLoad (0ms)
			EditorAssembliesLoaded (0ms)
		ExecutionOrderSort2 (0ms)
		AwakeInstancesAfterBackupRestoration (0ms)
========================================================================
Worker process is ready to serve import requests
Begin MonoManager ReloadAssembly
- Loaded All Assemblies, in  1.542 seconds
Refreshing native plugins compatible for Editor in 14.67 ms, found 3 plugins.
Native extension for WindowsStandalone target not found
Package Manager log level set to [2]
[Package Manager] Server::EnsureServerProcessIsRunning -- launch failed, reason: Unity was launched with the -noUpm command-line argument
[Package Manager] UpmClient::Send -- Unable to send message (not connected to UPM process).
[Package Manager] Cannot connect to Unity Package Manager local server
Mono: successfully reloaded assembly
- Finished resetting the current domain, in  1.244 seconds
Domain Reload Profiling: 2796ms
	BeginReloadAssembly (278ms)
		ExecutionOrderSort (0ms)
		DisableScriptedObjects (8ms)
		BackupInstance (0ms)
		ReleaseScriptingObjects (0ms)
		CreateAndSetChildDomain (40ms)
	RebuildCommonClasses (74ms)
	RebuildNativeTypeToScriptingClass (16ms)
	initialDomainReloadingComplete (89ms)
	LoadAllAssembliesAndSetupDomain (1093ms)
		LoadAssemblies (922ms)
		RebuildTransferFunctionScriptingTraits (0ms)
		AnalyzeDomain (317ms)
			TypeCache.Refresh (292ms)
				TypeCache.ScanAssembly (253ms)
			ScanForSourceGeneratedMonoScriptInfo (19ms)
			ResolveRequiredComponents (5ms)
	FinalizeReload (1245ms)
		ReleaseScriptCaches (0ms)
		RebuildScriptCaches (0ms)
		SetupLoadedEditorAssemblies (939ms)
			LogAssemblyErrors (0ms)
			InitializePlatformSupportModulesInManaged (9ms)
			SetLoadedEditorAssemblies (4ms)
			RefreshPlugins (0ms)
			BeforeProcessingInitializeOnLoad (82ms)
			ProcessInitializeOnLoadAttributes (746ms)
			ProcessInitializeOnLoadMethodAttributes (82ms)
			AfterProcessingInitializeOnLoad (15ms)
			EditorAssembliesLoaded (0ms)
		ExecutionOrderSort2 (0ms)
		AwakeInstancesAfterBackupRestoration (16ms)
Launched and connected shader compiler UnityShaderCompiler.exe after 0.13 seconds
Refreshing native plugins compatible for Editor in 7.50 ms, found 3 plugins.
Preloading 0 native plugins for Editor in 0.00 ms.
Unloading 3644 Unused Serialized files (Serialized files now loaded: 0)
Unloading 50 unused Assets / (1.8 MB). Loaded Objects now: 4118.
Memory consumption went from 243.9 MB to 242.0 MB.
Total: 10.129200 ms (FindLiveObjects: 1.712500 ms CreateObjectMapping: 0.783400 ms MarkObjects: 5.984100 ms  DeleteObjects: 1.647000 ms)

AssetImportParameters requested are different than current active one (requested -> active):
  custom:container-demuxer-ogg: 62fdf1f143b41e24485cea50d1cbac27 -> 
  custom:video-decoder-ogg-theora: a1e56fd34408186e4bbccfd4996cb3dc -> 
  custom:framework-win-MediaFoundation: 216162199b28c13a410421893ffa2e32 -> 
  custom:CustomObjectIndexerAttribute: 6d391050e5a25f67b0a2c618074f2cd9 -> 
  custom:container-demuxer-webm: 4f35f7cbe854078d1ac9338744f61a02 -> 
  custom:container-muxer-webm: aa71ff27fc2769a1b78a27578f13a17b -> 
  custom:video-decoder-webm-vp8: 9c59270c3fd7afecdb556c50c9e8de78 -> 
  custom:SearchIndexIgnoredProperties: e643bd26f0fe6173181afceb89e7c659 -> 
  custom:AudioImporter_EditorPlatform: d09bf68614088b80899f8185d706f6e7 -> 
  custom:video-encoder-webm-vp8: eb34c28f22e8b96e1ab97ce403110664 -> 
  custom:audio-decoder-ogg-vorbis: bf7c407c2cedff20999df2af8eb42d56 -> 
  custom:audio-encoder-webm-vorbis: bf7c407c2cedff20999df2af8eb42d56 -> 
========================================================================
Received Import Request.
  Time since last request: 563895.679564 seconds.
  path: Assets/materials/sliderthumb-uhd.mat
  artifactKey: Guid(cde340f16da80ce4b934dd78dd381475) Importer(815301076,1909f56bfc062723c751e8b465ee728b)
Start importing Assets/materials/sliderthumb-uhd.mat using Guid(cde340f16da80ce4b934dd78dd381475) Importer(815301076,1909f56bfc062723c751e8b465ee728b)  -> (artifact id: '95ea5e01e533250d880f7d4778896dc2') in 0.230108 seconds
Number of updated asset objects reloaded before import = 0
Number of asset objects unloaded after import = 2
========================================================================
Received Import Request.
  Time since last request: 8.398365 seconds.
  path: Assets/scripts/CubeExplosion.cs
  artifactKey: Guid(ad7b551bcf93e624d9dd4c92988a70db) Importer(815301076,1909f56bfc062723c751e8b465ee728b)
Start importing Assets/scripts/CubeExplosion.cs using Guid(ad7b551bcf93e624d9dd4c92988a70db) Importer(815301076,1909f56bfc062723c751e8b465ee728b)  -> (artifact id: 'b8c35d2f7ed396cf510263b780415585') in 0.000689 seconds
Number of updated asset objects reloaded before import = 0
Number of asset objects unloaded after import = 0
========================================================================
Received Import Request.
  Time since last request: 30.641792 seconds.
  path: Assets/scripts/DistanceScoreScript.cs
  artifactKey: Guid(6bf466e8176fb8b46be2a2f05e7fddb9) Importer(815301076,1909f56bfc062723c751e8b465ee728b)
Start importing Assets/scripts/DistanceScoreScript.cs using Guid(6bf466e8176fb8b46be2a2f05e7fddb9) Importer(815301076,1909f56bfc062723c751e8b465ee728b)  -> (artifact id: '22d9de5538d302225d507f594f4679ed') in 0.030590 seconds
Number of updated asset objects reloaded before import = 0
Number of asset objects unloaded after import = 0
========================================================================
Received Import Request.
  Time since last request: 9.510679 seconds.
  path: Assets/scripts/Exit.cs
  artifactKey: Guid(36ae114b7f5e1bc488357a92accd8bf9) Importer(815301076,1909f56bfc062723c751e8b465ee728b)
Start importing Assets/scripts/Exit.cs using Guid(36ae114b7f5e1bc488357a92accd8bf9) Importer(815301076,1909f56bfc062723c751e8b465ee728b)  -> (artifact id: 'ce6661603e28de95e303bae3709c9bb2') in 0.003020 seconds
Number of updated asset objects reloaded before import = 0
Number of asset objects unloaded after import = 0
========================================================================
Received Import Request.
  Time since last request: 1.651702 seconds.
  path: Assets/scripts/Jogar.cs
  artifactKey: Guid(d23d191b0996ef54591382d85a14488a) Importer(815301076,1909f56bfc062723c751e8b465ee728b)
Start importing Assets/scripts/Jogar.cs using Guid(d23d191b0996ef54591382d85a14488a) Importer(815301076,1909f56bfc062723c751e8b465ee728b)  -> (artifact id: '853c78b5770a38b934ec67f774d04d5d') in 0.001877 seconds
Number of updated asset objects reloaded before import = 0
Number of asset objects unloaded after import = 0
========================================================================
Received Import Request.
  Time since last request: 0.497367 seconds.
  path: Assets/scripts/PlayerCam.cs
  artifactKey: Guid(514883d4cfd81a44fbd8b94ecabce3ec) Importer(815301076,1909f56bfc062723c751e8b465ee728b)
Start importing Assets/scripts/PlayerCam.cs using Guid(514883d4cfd81a44fbd8b94ecabce3ec) Importer(815301076,1909f56bfc062723c751e8b465ee728b)  -> (artifact id: 'b2b636f10393a1f03faf8340539d8590') in 0.001606 seconds
Number of updated asset objects reloaded before import = 0
Number of asset objects unloaded after import = 0
========================================================================
Received Import Request.
  Time since last request: 3.872208 seconds.
  path: Assets/scripts/PlayerMovement.cs
  artifactKey: Guid(9d9b2415e0542aa488bc084e3fa2f989) Importer(815301076,1909f56bfc062723c751e8b465ee728b)
Start importing Assets/scripts/PlayerMovement.cs using Guid(9d9b2415e0542aa488bc084e3fa2f989) Importer(815301076,1909f56bfc062723c751e8b465ee728b)  -> (artifact id: '6b2015763b37304d0d2a69931edc9cac') in 0.000751 seconds
Number of updated asset objects reloaded before import = 0
Number of asset objects unloaded after import = 0
========================================================================
Received Import Request.
  Time since last request: 6.070593 seconds.
  path: Assets/scripts/ShipMovement.cs
  artifactKey: Guid(fa4c8fa94c6953b48a794793993c7655) Importer(815301076,1909f56bfc062723c751e8b465ee728b)
Start importing Assets/scripts/ShipMovement.cs using Guid(fa4c8fa94c6953b48a794793993c7655) Importer(815301076,1909f56bfc062723c751e8b465ee728b)  -> (artifact id: '798f22e6594f32f4af1fc6371a6da67e') in 0.003282 seconds
Number of updated asset objects reloaded before import = 0
Number of asset objects unloaded after import = 0
========================================================================
Received Import Request.
  Time since last request: 3.576576 seconds.
  path: Assets/scripts/PlayerCollision.cs
  artifactKey: Guid(109ae33a1e0662a4f90bb69f7640ddba) Importer(815301076,1909f56bfc062723c751e8b465ee728b)
Start importing Assets/scripts/PlayerCollision.cs using Guid(109ae33a1e0662a4f90bb69f7640ddba) Importer(815301076,1909f56bfc062723c751e8b465ee728b)  -> (artifact id: '1b22c0ded2490eb6a2c554bfa31fa541') in 0.002569 seconds
Number of updated asset objects reloaded before import = 0
Number of asset objects unloaded after import = 0
========================================================================
Received Import Request.
  Time since last request: 6.876908 seconds.
  path: Assets/scripts/ExplodeEffect.cs
  artifactKey: Guid(a3ab54e5d5460e743b163e1b4b943f88) Importer(815301076,1909f56bfc062723c751e8b465ee728b)
Start importing Assets/scripts/ExplodeEffect.cs using Guid(a3ab54e5d5460e743b163e1b4b943f88) Importer(815301076,1909f56bfc062723c751e8b465ee728b)  -> (artifact id: 'fd5ce03a38b400b14ae4585c2c26fbe6') in 0.001982 seconds
Number of updated asset objects reloaded before import = 0
Number of asset objects unloaded after import = 0
